Determining if the pthread_create exist failed with the following output:
Change Dir: /home/leozc/code/catkin_ws/build/CMakeFiles/CMakeTmp

Run Build Command:"/usr/bin/make" "cmTC_1b79e/fast"
/usr/bin/make -f CMakeFiles/cmTC_1b79e.dir/build.make CMakeFiles/cmTC_1b79e.dir/build
make[1]: Entering directory '/home/leozc/code/catkin_ws/build/CMakeFiles/CMakeTmp'
Building C object CMakeFiles/cmTC_1b79e.dir/CheckSymbolExists.c.o
/usr/bin/cc    -o CMakeFiles/cmTC_1b79e.dir/CheckSymbolExists.c.o   -c /home/leozc/code/catkin_ws/build/CMakeFiles/CMakeTmp/CheckSymbolExists.c
Linking C executable cmTC_1b79e
/usr/bin/cmake -E cmake_link_script CMakeFiles/cmTC_1b79e.dir/link.txt --verbose=1
/usr/bin/cc      -rdynamic CMakeFiles/cmTC_1b79e.dir/CheckSymbolExists.c.o  -o cmTC_1b79e 
CMakeFiles/cmTC_1b79e.dir/CheckSymbolExists.c.o: In function `main':
CheckSymbolExists.c:(.text+0x1b): undefined reference to `pthread_create'
collect2: error: ld returned 1 exit status
CMakeFiles/cmTC_1b79e.dir/build.make:97: recipe for target 'cmTC_1b79e' failed
make[1]: *** [cmTC_1b79e] Error 1
make[1]: Leaving directory '/home/leozc/code/catkin_ws/build/CMakeFiles/CMakeTmp'
Makefile:126: recipe for target 'cmTC_1b79e/fast' failed
make: *** [cmTC_1b79e/fast] Error 2

File /home/leozc/code/catkin_ws/build/CMakeFiles/CMakeTmp/CheckSymbolExists.c:
/* */
#include <pthread.h>

int main(int argc, char** argv)
{
  (void)argv;
#ifndef pthread_create
  return ((int*)(&pthread_create))[argc];
#else
  (void)argc;
  return 0;
#endif
}

Determining if the function pthread_create exists in the pthreads failed with the following output:
Change Dir: /home/leozc/code/catkin_ws/build/CMakeFiles/CMakeTmp

Run Build Command:"/usr/bin/make" "cmTC_dc26d/fast"
/usr/bin/make -f CMakeFiles/cmTC_dc26d.dir/build.make CMakeFiles/cmTC_dc26d.dir/build
make[1]: Entering directory '/home/leozc/code/catkin_ws/build/CMakeFiles/CMakeTmp'
Building C object CMakeFiles/cmTC_dc26d.dir/CheckFunctionExists.c.o
/usr/bin/cc   -DCHECK_FUNCTION_EXISTS=pthread_create   -o CMakeFiles/cmTC_dc26d.dir/CheckFunctionExists.c.o   -c /usr/share/cmake-3.10/Modules/CheckFunctionExists.c
Linking C executable cmTC_dc26d
/usr/bin/cmake -E cmake_link_script CMakeFiles/cmTC_dc26d.dir/link.txt --verbose=1
/usr/bin/cc  -DCHECK_FUNCTION_EXISTS=pthread_create    -rdynamic CMakeFiles/cmTC_dc26d.dir/CheckFunctionExists.c.o  -o cmTC_dc26d -lpthreads 
/usr/bin/ld: cannot find -lpthreads
collect2: error: ld returned 1 exit status
CMakeFiles/cmTC_dc26d.dir/build.make:97: recipe for target 'cmTC_dc26d' failed
make[1]: *** [cmTC_dc26d] Error 1
make[1]: Leaving directory '/home/leozc/code/catkin_ws/build/CMakeFiles/CMakeTmp'
Makefile:126: recipe for target 'cmTC_dc26d/fast' failed
make: *** [cmTC_dc26d/fast] Error 2


